Copyright 1986-2022 Xilinx, Inc. All Rights Reserved. Copyright 2022-2024 Advanced Micro Devices, Inc. All Rights Reserved.
---------------------------------------------------------------------------------------------------------------------------------------------
| Tool Version : Vivado v.2024.2 (win64) Build 5239630 Fri Nov 08 22:35:27 MST 2024
| Date         : Tue Apr  7 14:32:44 2026
| Host         : AZ-Snake running 64-bit major release  (build 9200)
| Command      : report_control_sets -verbose -file aes_wrapper_control_sets_placed.rpt
| Design       : aes_wrapper
| Device       : xc7a35t
---------------------------------------------------------------------------------------------------------------------------------------------

Control Set Information

Table of Contents
-----------------
1. Summary
2. Histogram
3. Flip-Flop Distribution
4. Detailed Control Set Information

1. Summary
----------

+----------------------------------------------------------+-------+
|                          Status                          | Count |
+----------------------------------------------------------+-------+
| Total control sets                                       |    10 |
|    Minimum number of control sets                        |    10 |
|    Addition due to synthesis replication                 |     0 |
|    Addition due to physical synthesis replication        |     0 |
| Unused register locations in slices containing registers |     5 |
+----------------------------------------------------------+-------+
* Control sets can be merged at opt_design using control_set_merge or merge_equivalent_drivers
** Run report_qor_suggestions for automated merging and remapping suggestions


2. Histogram
------------

+--------------------+-------+
|       Fanout       | Count |
+--------------------+-------+
| Total control sets |    10 |
| >= 0 to < 4        |     0 |
| >= 4 to < 6        |     0 |
| >= 6 to < 8        |     0 |
| >= 8 to < 10       |     0 |
| >= 10 to < 12      |     0 |
| >= 12 to < 14      |     0 |
| >= 14 to < 16      |     0 |
| >= 16              |    10 |
+--------------------+-------+
* Control sets can be remapped at either synth_design or opt_design


3. Flip-Flop Distribution
-------------------------

+--------------+-----------------------+------------------------+-----------------+--------------+
| Clock Enable | Synchronous Set/Reset | Asynchronous Set/Reset | Total Registers | Total Slices |
+--------------+-----------------------+------------------------+-----------------+--------------+
| No           | No                    | No                     |            1280 |          520 |
| No           | No                    | Yes                    |             139 |           54 |
| No           | Yes                   | No                     |               0 |            0 |
| Yes          | No                    | No                     |               0 |            0 |
| Yes          | No                    | Yes                    |             256 |          146 |
| Yes          | Yes                   | No                     |               0 |            0 |
+--------------+-----------------------+------------------------+-----------------+--------------+


4. Detailed Control Set Information
-----------------------------------

+----------------+--------------------+------------------+------------------+----------------+--------------+
|  Clock Signal  |    Enable Signal   | Set/Reset Signal | Slice Load Count | Bel Load Count | Bels / Slice |
+----------------+--------------------+------------------+------------------+----------------+--------------+
|  clk_IBUF_BUFG | key_reg[31]        | aes_inst/rst_n   |               16 |             32 |         2.00 |
|  clk_IBUF_BUFG | key_reg[63]        | aes_inst/rst_n   |               21 |             32 |         1.52 |
|  clk_IBUF_BUFG | key_reg[127]       | aes_inst/rst_n   |               24 |             32 |         1.33 |
|  clk_IBUF_BUFG | key_reg[95]        | aes_inst/rst_n   |               20 |             32 |         1.60 |
|  clk_IBUF_BUFG | plaintext_reg[127] | aes_inst/rst_n   |               18 |             32 |         1.78 |
|  clk_IBUF_BUFG | plaintext_reg[63]  | aes_inst/rst_n   |               16 |             32 |         2.00 |
|  clk_IBUF_BUFG | plaintext_reg[95]  | aes_inst/rst_n   |               15 |             32 |         2.13 |
|  clk_IBUF_BUFG | plaintext_reg[31]  | aes_inst/rst_n   |               16 |             32 |         2.00 |
|  clk_IBUF_BUFG |                    | aes_inst/rst_n   |               54 |            139 |         2.57 |
|  clk_IBUF_BUFG |                    |                  |              520 |           1280 |         2.46 |
+----------------+--------------------+------------------+------------------+----------------+--------------+


