Time resolution is 1 ps
Round 0: 193de3bea0f4e22b9ac68d2ae9f84808
Round 0: 193de3bea0f4e22b9ac68d2ae9f84808
Round 1: a49c7ff2689f352b6b5bea43026a5049
Round 0: 193de3bea0f4e22b9ac68d2ae9f84808
Round 1: a49c7ff2689f352b6b5bea43026a5049
Round 2: aa8f5f0361dde3ef82d24ad26832469a
Round 0: 193de3bea0f4e22b9ac68d2ae9f84808
Round 1: a49c7ff2689f352b6b5bea43026a5049
Round 2: aa8f5f0361dde3ef82d24ad26832469a
Round 3: 486c4eee671d9d0d4de3b138d65f58e7
Round 0: 193de3bea0f4e22b9ac68d2ae9f84808
Round 1: a49c7ff2689f352b6b5bea43026a5049
Round 2: aa8f5f0361dde3ef82d24ad26832469a
Round 3: 486c4eee671d9d0d4de3b138d65f58e7
Round 4: e0927fe8c86363c0d9b1355085b8be01
Round 0: 193de3bea0f4e22b9ac68d2ae9f84808
Round 1: a49c7ff2689f352b6b5bea43026a5049
Round 2: aa8f5f0361dde3ef82d24ad26832469a
Round 3: 486c4eee671d9d0d4de3b138d65f58e7
Round 4: e0927fe8c86363c0d9b1355085b8be01
Round 5: f1006f55c1924cef7cc88b325db5d50c
Round 0: 193de3bea0f4e22b9ac68d2ae9f84808
Round 1: a49c7ff2689f352b6b5bea43026a5049
Round 2: aa8f5f0361dde3ef82d24ad26832469a
Round 3: 486c4eee671d9d0d4de3b138d65f58e7
Round 4: e0927fe8c86363c0d9b1355085b8be01
Round 5: f1006f55c1924cef7cc88b325db5d50c
Round 6: 260e2e173d41b77de86472a9fdd28b25
Round 0: 193de3bea0f4e22b9ac68d2ae9f84808
Round 1: a49c7ff2689f352b6b5bea43026a5049
Round 2: aa8f5f0361dde3ef82d24ad26832469a
Round 3: 486c4eee671d9d0d4de3b138d65f58e7
Round 4: e0927fe8c86363c0d9b1355085b8be01
Round 5: f1006f55c1924cef7cc88b325db5d50c
Round 6: 260e2e173d41b77de86472a9fdd28b25
Round 7: 5a4142b11949dc1fa3e019657a8c040c
Round 0: 193de3bea0f4e22b9ac68d2ae9f84808
Round 1: a49c7ff2689f352b6b5bea43026a5049
Round 2: aa8f5f0361dde3ef82d24ad26832469a
Round 3: 486c4eee671d9d0d4de3b138d65f58e7
Round 4: e0927fe8c86363c0d9b1355085b8be01
Round 5: f1006f55c1924cef7cc88b325db5d50c
Round 6: 260e2e173d41b77de86472a9fdd28b25
Round 7: 5a4142b11949dc1fa3e019657a8c040c
Round 8: ea835cf00445332d655d98ad8596b0c5
Round 0: 193de3bea0f4e22b9ac68d2ae9f84808
Round 1: a49c7ff2689f352b6b5bea43026a5049
Round 2: aa8f5f0361dde3ef82d24ad26832469a
Round 3: 486c4eee671d9d0d4de3b138d65f58e7
Round 4: e0927fe8c86363c0d9b1355085b8be01
Round 5: f1006f55c1924cef7cc88b325db5d50c
Round 6: 260e2e173d41b77de86472a9fdd28b25
Round 7: 5a4142b11949dc1fa3e019657a8c040c
Round 8: ea835cf00445332d655d98ad8596b0c5
Round 9: eb40f21e592e38848ba113e71bc342d2
----------------------------------------
Time:               130000
Plaintext:  3243f6a8885a308d313198a2e0370734
Key:        2b7e151628aed2a6abf7158809cf4f3c
Ciphertext: 3925841d02dc09fbdc118597196a0b32
----------------------------------------
TEST PASSED!
Round 0: 193de3bea0f4e22b9ac68d2ae9f84808
Round 1: a49c7ff2689f352b6b5bea43026a5049
Round 2: aa8f5f0361dde3ef82d24ad26832469a
Round 3: 486c4eee671d9d0d4de3b138d65f58e7
Round 4: e0927fe8c86363c0d9b1355085b8be01
Round 5: f1006f55c1924cef7cc88b325db5d50c
Round 6: 260e2e173d41b77de86472a9fdd28b25
Round 7: 5a4142b11949dc1fa3e019657a8c040c
Round 8: ea835cf00445332d655d98ad8596b0c5
Round 9: eb40f21e592e38848ba113e71bc342d2
Round 10: 3925841d02dc09fbdc118597196a0b32
Round 0: 193de3bea0f4e22b9ac68d2ae9f84808
Round 1: a49c7ff2689f352b6b5bea43026a5049
Round 2: aa8f5f0361dde3ef82d24ad26832469a
Round 3: 486c4eee671d9d0d4de3b138d65f58e7
Round 4: e0927fe8c86363c0d9b1355085b8be01
Round 5: f1006f55c1924cef7cc88b325db5d50c
Round 6: 260e2e173d41b77de86472a9fdd28b25
Round 7: 5a4142b11949dc1fa3e019657a8c040c
Round 8: ea835cf00445332d655d98ad8596b0c5
Round 9: eb40f21e592e38848ba113e71bc342d2
Round 10: 3925841d02dc09fbdc118597196a0b32
Round 0: 193de3bea0f4e22b9ac68d2ae9f84808
Round 1: a49c7ff2689f352b6b5bea43026a5049
Round 2: aa8f5f0361dde3ef82d24ad26832469a
Round 3: 486c4eee671d9d0d4de3b138d65f58e7
Round 4: e0927fe8c86363c0d9b1355085b8be01
Round 5: f1006f55c1924cef7cc88b325db5d50c
Round 6: 260e2e173d41b77de86472a9fdd28b25
Round 7: 5a4142b11949dc1fa3e019657a8c040c
Round 8: ea835cf00445332d655d98ad8596b0c5
Round 9: eb40f21e592e38848ba113e71bc342d2
Round 10: 3925841d02dc09fbdc118597196a0b32
Round 0: 193de3bea0f4e22b9ac68d2ae9f84808
Round 1: a49c7ff2689f352b6b5bea43026a5049
Round 2: aa8f5f0361dde3ef82d24ad